<?xml version="1.0" encoding="utf-8" standalone="no"?>
<!--This file represents the results of running a test suite-->
<test-results name="F:\CVSsandbox\PEPTOOL\Project\HEAD\PEPTOOL_HEAD.nunit" total="2" errors="0" failures="0" not-run="0" inconclusive="0" ignored="0" skipped="0" invalid="0" date="2011-08-02" time="15:11:43">
  <environment nunit-version="2.5.7.10213" clr-version="2.0.50727.5446" os-version="Microsoft Windows NT 6.1.7601 Service Pack 1" platform="Win32NT" cwd="C:\Program Files (x86)\NUnit 2.5.7\bin\net-2.0" machine-name="UAPC1253" user="ysn" user-domain="MITA" />
  <culture-info current-culture="uk-UA" current-uiculture="en-US" />
  <test-suite type="Project" name="F:\CVSsandbox\PEPTOOL\Project\HEAD\PEPTOOL_HEAD.nunit" executed="True" result="Success" success="True" time="0.021" asserts="0">
    <results>
      <test-suite type="Assembly" name="F:\CVSsandbox\PEPTOOL\Project\HEAD\source\bin\UnitTests\ConfigObjects.UnitTests.dll" executed="True" result="Success" success="True" time="0.018" asserts="0">
        <results>
          <test-suite type="Namespace" name="MitaTeknik" executed="True" result="Success" success="True" time="0.016" asserts="0">
            <results>
              <test-suite type="Namespace" name="PEP" executed="True" result="Success" success="True" time="0.013" asserts="0">
                <results>
                  <test-suite type="Namespace" name="ConfigObjects" executed="True" result="Success" success="True" time="0.011" asserts="0">
                    <results>
                      <test-suite type="Namespace" name="UnitTests" executed="True" result="Success" success="True" time="0.009" asserts="0">
                        <results>
                          <test-suite type="Namespace" name="Helpers" executed="True" result="Success" success="True" time="0.007" asserts="0">
                            <results>
                              <test-suite type="TestFixture" name="ValueTypeHelperTests" executed="True" result="Success" success="True" time="0.004" asserts="0">
                                <results>
                                  <test-case name="MitaTeknik.PEP.ConfigObjects.UnitTests.Helpers.ValueTypeHelperTests.IsEqualTest1" executed="True" result="Success" success="True" time="0.000" asserts="15" />
                                  <test-case name="MitaTeknik.PEP.ConfigObjects.UnitTests.Helpers.ValueTypeHelperTests.IsEqualTest2" executed="True" result="Success" success="True" time="0.001" asserts="0" />
                                </results>
                              </test-suite>
                            </results>
                          </test-suite>
                        </results>
                      </test-suite>
                    </results>
                  </test-suite>
                </results>
              </test-suite>
            </results>
          </test-suite>
        </results>
      </test-suite>
    </results>
  </test-suite>
</test-results>